TN:
SF:/home/rabbi/projects/andela-bootcamp-day1/dist/aritgeo.js
FN:11,arithmetic
FN:22,geometric
FN:33,emptyArray
FN:40,aritGeo
FNF:4
FNH:4
FNDA:9,arithmetic
FNDA:7,geometric
FNDA:10,emptyArray
FNDA:10,aritGeo
DA:3,1
DA:11,1
DA:12,9
DA:13,9
DA:14,20
DA:15,7
DA:18,2
DA:22,1
DA:23,7
DA:24,7
DA:25,12
DA:26,6
DA:29,1
DA:33,1
DA:34,10
DA:35,1
DA:37,9
DA:40,1
DA:41,10
DA:42,1
DA:44,9
DA:45,2
DA:47,7
DA:48,1
DA:51,6
DA:54,1
LF:26
LH:26
BRDA:14,1,0,7
BRDA:14,1,1,13
BRDA:25,2,0,6
BRDA:25,2,1,6
BRDA:34,3,0,1
BRDA:34,3,1,9
BRDA:34,4,0,10
BRDA:34,4,1,9
BRDA:41,5,0,1
BRDA:41,5,1,9
BRDA:44,6,0,2
BRDA:44,6,1,7
BRDA:47,7,0,1
BRDA:47,7,1,6
BRF:14
BRH:14
end_of_record
